2019-07-09 07:34:33,385 INFO o.s.b.StartupInfoLogger [restartedMain] Starting StartWebApplication on WilliamAmelia with PID 12532 (C:\dev\climate\target\classes started by zhang in C:\dev\climate)
2019-07-09 07:34:33,393 INFO o.s.b.SpringApplication [restartedMain] No active profile set, falling back to default profiles: default
2019-07-09 07:34:33,445 INFO o.s.b.l.DeferredLog [restartedMain] Devtools property defaults active! Set 'spring.devtools.add-properties' to 'false' to disable
2019-07-09 07:34:33,445 INFO o.s.b.l.DeferredLog [restartedMain] For additional web related logging consider setting the 'logging.level.web' property to 'DEBUG'
2019-07-09 07:34:35,227 INFO o.s.b.w.e.t.TomcatWebServer [restartedMain] Tomcat initialized with port(s): 8080 (http)
2019-07-09 07:34:35,255 INFO o.a.j.l.DirectJDKLog [restartedMain] Initializing ProtocolHandler ["http-nio-8080"]
2019-07-09 07:34:35,268 INFO o.a.j.l.DirectJDKLog [restartedMain] Starting service [Tomcat]
2019-07-09 07:34:35,269 INFO o.a.j.l.DirectJDKLog [restartedMain] Starting Servlet engine: [Apache Tomcat/9.0.14]
2019-07-09 07:34:35,283 INFO o.a.j.l.DirectJDKLog [restartedMain] The APR based Apache Tomcat Native library which allows optimal performance in production environments was not found on the java.library.path: [C:\Program Files\Java\jre1.8.0_161\bin;C:\WINDOWS\Sun\Java\bin;C:\WINDOWS\system32;C:\WINDOWS;C:/Program Files/Java/jre1.8.0_211/bin/server;C:/Program Files/Java/jre1.8.0_211/bin;C:/Program Files/Java/jre1.8.0_211/lib/amd64;C:\ProgramData\Oracle\Java\javapath;C:\WINDOWS\system32;C:\WINDOWS;C:\WINDOWS\System32\Wbem;C:\WINDOWS\System32\WindowsPowerShell\v1.0\;C:\WINDOWS\System32\OpenSSH\;C:\Users\zhang\AppData\Local\Microsoft\WindowsApps;;C:\eclipse;;.]
2019-07-09 07:34:35,405 INFO o.a.j.l.DirectJDKLog [restartedMain] Initializing Spring embedded WebApplicationContext
2019-07-09 07:34:35,406 INFO o.s.b.w.s.c.ServletWebServerApplicationContext [restartedMain] Root WebApplicationContext: initialization completed in 1959 ms
2019-07-09 07:34:35,744 INFO o.s.s.c.ExecutorConfigurationSupport [restartedMain] Initializing ExecutorService 'applicationTaskExecutor'
2019-07-09 07:34:36,026 INFO o.s.b.d.a.OptionalLiveReloadServer [restartedMain] LiveReload server is running on port 35729
2019-07-09 07:34:36,062 INFO o.a.j.l.DirectJDKLog [restartedMain] Starting ProtocolHandler ["http-nio-8080"]
2019-07-09 07:34:36,092 INFO o.s.b.w.e.t.TomcatWebServer [restartedMain] Tomcat started on port(s): 8080 (http) with context path ''
2019-07-09 07:34:36,096 INFO o.s.b.StartupInfoLogger [restartedMain] Started StartWebApplication in 3.281 seconds (JVM running for 4.461)
2019-07-09 07:34:54,819 INFO o.a.j.l.DirectJDKLog [http-nio-8080-exec-1] Initializing Spring DispatcherServlet 'dispatcherServlet'
2019-07-09 07:34:54,820 INFO o.s.w.s.FrameworkServlet [http-nio-8080-exec-1] Initializing Servlet 'dispatcherServlet'
2019-07-09 07:34:54,832 INFO o.s.w.s.FrameworkServlet [http-nio-8080-exec-1] Completed initialization in 12 ms
2019-07-09 07:34:55,028 INFO c.c.c.WelcomeController [http-nio-8080-exec-1] ************climate controller
2019-07-09 07:34:57,484 INFO c.c.c.WelcomeController [http-nio-8080-exec-3] ****************climate detail,id=106
2019-07-09 07:38:37,015 INFO o.s.s.c.ExecutorConfigurationSupport [Thread-6] Shutting down ExecutorService 'applicationTaskExecutor'
